<?xml version="1.0" encoding="UTF-8"?>
<!-- Generated by org.testng.reporters.JUnitXMLReporter -->
<testsuite hostname="E7841-Tech" name="Default test" tests="4" failures="0" timestamp="3 Feb 2020 05:10:16 GMT" time="4.443" errors="0">
  <testcase name="AllPackageListAPI_Test" time="2.919" classname="com.LearningAPI.TestCases.AllPackageListAPI"/>
  <testcase name="AllPackageListAPI_Test" time="2.919" classname="com.LearningAPI.TestCases.AllPackageListAPI"/>
  <testcase name="AllPackageListAPI_Test" time="0.339" classname="com.LearningAPI.TestCases.AllPackageListAPI"/>
  <testcase name="AllPackageListAPI_Test" time="0.339" classname="com.LearningAPI.TestCases.AllPackageListAPI"/>
</testsuite> <!-- Default test -->
