<?xml version="1.0" encoding="UTF-8"?>
<!-- Generated by org.testng.reporters.JUnitXMLReporter -->
<testsuite hostname="E7841-Tech" name="AllPackageListTest" tests="2" failures="0" timestamp="7 Feb 2020 10:22:58 GMT" time="1.046" errors="0">
  <testcase name="AllPackageListAPI_Test" time="0.396" classname="com.LearningAPI.TestCases.AllPackageListAPI"/>
  <testcase name="AllPackageListAPI_Test" time="0.37" classname="com.LearningAPI.TestCases.AllPackageListAPI"/>
</testsuite> <!-- AllPackageListTest -->
