<?xml version="1.0" encoding="UTF-8"?>
<!-- Generated by org.testng.reporters.JUnitXMLReporter -->
<testsuite hostname="E7841-Tech" name="ApplyVoucherCodeTest" tests="2" failures="0" timestamp="7 Feb 2020 10:23:17 GMT" time="1.053" errors="0">
  <testcase name="ApplyVoucherCodeAPI_Test" time="0.58" classname="com.LearningAPI.TestCases.ApplyVoucherCodeAPI"/>
  <testcase name="ApplyVoucherCodeAPI_Test" time="0.239" classname="com.LearningAPI.TestCases.ApplyVoucherCodeAPI"/>
</testsuite> <!-- ApplyVoucherCodeTest -->
