<?xml version="1.0" encoding="UTF-8"?>
<!-- Generated by org.testng.reporters.JUnitXMLReporter -->
<testsuite hostname="E7841-Tech" name="GetSubjectByPackageIdTest" tests="2" failures="0" timestamp="7 Feb 2020 10:23:06 GMT" time="8.09" errors="0">
  <testcase name="GetSubjectByPackageId_API_Test" time="6.973" classname="com.LearningAPI.TestCases.GetSubjectByPackageId_API"/>
  <testcase name="GetSubjectByPackageId_API_Test" time="0.819" classname="com.LearningAPI.TestCases.GetSubjectByPackageId_API"/>
</testsuite> <!-- GetSubjectByPackageIdTest -->
