<?xml version="1.0" encoding="UTF-8"?>
<!-- Generated by org.testng.reporters.JUnitXMLReporter -->
<testsuite hostname="E7841-Tech" name="IPLocationTest" tests="4" failures="0" timestamp="7 Feb 2020 10:20:45 GMT" time="65.203" errors="0">
  <testcase name="IPLocationAPI_Test" time="30.593" classname="com.LearningAPI.TestCases.IPLocationAPI"/>
  <testcase name="IPLocationAPI_Test" time="30.593" classname="com.LearningAPI.TestCases.IPLocationAPI"/>
  <testcase name="IPLocationAPI_Test" time="33.43" classname="com.LearningAPI.TestCases.IPLocationAPI"/>
  <testcase name="IPLocationAPI_Test" time="33.43" classname="com.LearningAPI.TestCases.IPLocationAPI"/>
</testsuite> <!-- IPLocationTest -->
