<?xml version="1.0" encoding="UTF-8"?>
<!-- Generated by org.testng.reporters.JUnitXMLReporter -->
<testsuite hostname="E7841-Tech" name="QuizQuestionListTest" tests="2" failures="0" timestamp="7 Feb 2020 10:23:13 GMT" time="6.556" errors="0">
  <testcase name="QuizQuestionListAPI_Test" time="1.844" classname="com.LearningAPI.TestCases.QuizQuestionListAPI"/>
  <testcase name="QuizQuestionListAPI_Test" time="4.437" classname="com.LearningAPI.TestCases.QuizQuestionListAPI"/>
</testsuite> <!-- QuizQuestionListTest -->
