<?xml version="1.0" encoding="UTF-8"?>
<!-- Generated by org.testng.reporters.JUnitXMLReporter -->
<testsuite hostname="E7841-Tech" name="UserSubscriptionListTest" tests="1" failures="1" timestamp="7 Feb 2020 10:22:27 GMT" time="3.497" errors="0">
  <testcase name="UserSubscriptionList_Test" time="3.197" classname="com.LearningAPI.TestCases.UserSubscriptionList">
    <failure type="java.lang.ClassCastException" message="java.util.ArrayList cannot be cast to java.util.Map">
      <![CDATA[java.lang.ClassCastException: java.util.ArrayList cannot be cast to java.util.Map
	at io.restassured.path.json.JsonPath.getMap(JsonPath.java:420)
	at com.LearningAPI.TestCases.BaseTest.validationwithnestedArray(BaseTest.java:176)
	at com.LearningAPI.TestCases.UserSubscriptionList.UserSubscriptionList_Test(UserSubscriptionList.java:83)
... Removed 25 stack frames]]>
    </failure>
  </testcase> <!-- UserSubscriptionList_Test -->
</testsuite> <!-- UserSubscriptionListTest -->
