<?xml version="1.0" encoding="UTF-8"?>
<!-- Generated by org.testng.reporters.JUnitXMLReporter -->
<testsuite hostname="E7841-Tech" name="Command line test" tests="35" failures="1" timestamp="1 Feb 2020 11:21:54 GMT" time="31.266" errors="0">
  <testcase name="AllPackageListAPI_Test" time="2.375" classname="com.LearningAPI.TestCases.AllPackageListAPI"/>
  <testcase name="AllPackageListAPI_Test" time="0.3" classname="com.LearningAPI.TestCases.AllPackageListAPI"/>
  <testcase name="GcmRegistrationAPI_Test" time="0.406" classname="com.LearningAPI.TestCases.GcmRegistrationAPI"/>
  <testcase name="GetMCQQuestionListAPI_Test" time="10.977" classname="com.LearningAPI.TestCases.GetMCQQuestionListAPI"/>
  <testcase name="ApplyVoucherCodeAPI_Test" time="0.253" classname="com.LearningAPI.TestCases.ApplyVoucherCodeAPI"/>
  <testcase name="ApplyVoucherCodeAPI_Test" time="0.26" classname="com.LearningAPI.TestCases.ApplyVoucherCodeAPI"/>
  <testcase name="GetSubjectByPackageId_API_Test" time="0.26" classname="com.LearningAPI.TestCases.GetSubjectByPackageId_API"/>
  <testcase name="GetSubjectByPackageId_API_Test" time="0.854" classname="com.LearningAPI.TestCases.GetSubjectByPackageId_API"/>
  <testcase name="BoardClassListAPI_Test" time="1.029" classname="com.LearningAPI.TestCases.BoardClassListAPI"/>
  <testcase name="LeaderBoardAPI_Test" time="0.305" classname="com.LearningAPI.TestCases.LeaderBoardAPI"/>
  <testcase name="LeaderBoardAPI_Test" time="0.291" classname="com.LearningAPI.TestCases.LeaderBoardAPI"/>
  <testcase name="Registration_ChangePasswordAPI_Test" time="0.217" classname="com.LearningAPI.TestCases.ChangePasswordAPI"/>
  <testcase name="MySubscriptionsListAPI_Test" time="0.246" classname="com.LearningAPI.TestCases.MySubscriptionsListAPI"/>
  <testcase name="CheckDeviceAPI_Test" time="0.218" classname="com.LearningAPI.TestCases.CheckDeviceAPI"/>
  <testcase name="CheckDeviceAPI_Test" time="0.214" classname="com.LearningAPI.TestCases.CheckDeviceAPI"/>
  <testcase name="ProfileUpdateAPI_Test" time="0.359" classname="com.LearningAPI.TestCases.ProfileUpdateAPI"/>
  <testcase name="QuizQuestionListAPI_Test" time="1.405" classname="com.LearningAPI.TestCases.QuizQuestionListAPI"/>
  <testcase name="QuizQuestionListAPI_Test" time="1.4" classname="com.LearningAPI.TestCases.QuizQuestionListAPI"/>
  <testcase name="SearchContentbyKeyword_API_Test" time="0.369" classname="com.LearningAPI.TestCases.SearchContentbyKeyword_API"/>
  <testcase name="SubjectWiseProgressReportAPI_Test" time="1.612" classname="com.LearningAPI.TestCases.SubjectWiseProgressReportAPI"/>
  <testcase name="UploadProfileImagesAPI_Test" time="0.267" classname="com.LearningAPI.TestCases.UploadProfileImagesAPI"/>
  <testcase name="UserChatSectionDataAPI_Test" time="0.21" classname="com.LearningAPI.TestCases.UserChatSectionDataAPI"/>
  <testcase name="UserChatSectionDataAPI_Test" time="0.209" classname="com.LearningAPI.TestCases.UserChatSectionDataAPI"/>
  <testcase name="UserLoginAPI_Test" time="0.244" classname="com.LearningAPI.TestCases.UserLoginAPI"/>
  <testcase name="UserLogStatusAPI_Test" time="0.202" classname="com.LearningAPI.TestCases.UserLogStatusAPI"/>
  <testcase name="UserRegistration_ForgotPasswordAPI_Test" time="0.276" classname="com.LearningAPI.TestCases.UserRegistration_ForgotPasswordAPI"/>
  <testcase name="UserRegistration_Test" time="0.499" classname="com.LearningAPI.TestCases.UserRegistrationAPI"/>
  <testcase name="UserSubscriptionList_Test" time="0.236" classname="com.LearningAPI.TestCases.UserSubscriptionList">
    <failure type="java.lang.ClassCastException" message="java.util.ArrayList cannot be cast to java.util.Map">
      <![CDATA[java.lang.ClassCastException: java.util.ArrayList cannot be cast to java.util.Map
	at io.restassured.path.json.JsonPath.getMap(JsonPath.java:420)
	at com.LearningAPI.TestCases.BaseTest.validationwithnestedArray(BaseTest.java:176)
	at com.LearningAPI.TestCases.UserSubscriptionList.UserSubscriptionList_Test(UserSubscriptionList.java:83)
	at com.LearningAPI.TestCases.TestRunner.main(TestRunner.java:19)
... Removed 22 stack frames]]>
    </failure>
  </testcase> <!-- UserSubscriptionList_Test -->
  <testcase name="UserSubscriptionStatusAPI_Test" time="0.269" classname="com.LearningAPI.TestCases.UserSubscriptionStatusAPI"/>
  <testcase name="CountryListAPI_Test" time="0.35" classname="com.LearningAPI.TestCases.CountryListAPI"/>
  <testcase name="CountryListAPI_Test" time="0.319" classname="com.LearningAPI.TestCases.CountryListAPI"/>
  <testcase name="GetCityDetail_Test" time="0.478" classname="com.LearningAPI.TestCases.GetCityDetail"/>
  <testcase name="GetCityDetail_Test" time="0.206" classname="com.LearningAPI.TestCases.GetCityDetail"/>
  <testcase name="IPLocationAPI_Test" time="0.246" classname="com.LearningAPI.TestCases.IPLocationAPI"/>
  <testcase name="IPLocationAPI_Test" time="0.237" classname="com.LearningAPI.TestCases.IPLocationAPI"/>
</testsuite> <!-- Command line test -->
